<?xml version="1.0" encoding="UTF-8"?><testsuite errors="0" failures="0" name="io.cucumber.core.plugin.JUnitFormatter" skipped="0" tests="10" time="275.837">
<testcase classname="To validate the Add new customer functionality" name="User Add a new Customer with valid information" time="31.905">
<system-out><![CDATA[Given User navigates to customer page.......................................passed
When user clicks the ADD New Button.........................................passed
And user enter the valid customer information...............................passed
And user click the save button..............................................passed
Then user validate the successful message...................................passed
]]></system-out>
</testcase>
<testcase classname="To validate the Add new customer functionality" name="User creates an account without filling mandatory fields" time="24.836">
<system-out><![CDATA[Given User navigates to customer page.......................................passed
When user clicks the ADD New Button.........................................passed
And user enter the customer information without mandatory field.............passed
And user click the save button..............................................passed
Then User should get proper warning messages for every mandatory field......passed
]]></system-out>
</testcase>
<testcase classname="To validate the Add new customer functionality" name="User try to creates a duplicate account" time="24.115">
<system-out><![CDATA[Given User navigates to customer page.......................................passed
When user clicks the ADD New Button.........................................passed
And user enter the duplicate customer information...........................passed
And user click the save button..............................................passed
Then User should get a proper warning about duplicate email.................passed
]]></system-out>
</testcase>
<testcase classname="To validate the Add new customer functionality" name="User creates an account without filling any details" time="20.181">
<system-out><![CDATA[Given User navigates to customer page.......................................passed
When user clicks the ADD New Button.........................................passed
And User don't enter any details into fields................................passed
And user click the save button..............................................passed
Then User should verify get proper warning messages.........................passed
]]></system-out>
</testcase>
<testcase classname="To validate the delete customer functionality" name="User Select the registered Customer and edit user information" time="24.867">
<system-out><![CDATA[Given User navigates to customer page.......................................passed
When user search the registered customer with valid information.............passed
And user select the customer and click edit button..........................passed
And user click the delete option and clicks the delete button in alert......passed
Then user validate the alert message........................................passed
]]></system-out>
</testcase>
<testcase classname="To validate the edit customer functionality" name="User Select the registered Customer and edit user information" time="22.628">
<system-out><![CDATA[Given User navigates to customer page.......................................passed
When user search the registered customer with valid information.............passed
And user select the customer and click edit button..........................passed
And user edit the valid customer information................................passed
And user click the save & continue edit button..............................passed
Then user validate the successful edit message..............................passed
]]></system-out>
</testcase>
<testcase classname="To validate the edit customer functionality" name="User validate the change password in edit page" time="35.591">
<system-out><![CDATA[Given User navigates to customer page.......................................passed
When user select the customer and click edit button.........................passed
And user enters the new password and click change password button...........passed
Then user validate the change password successful message...................passed
]]></system-out>
</testcase>
<testcase classname="To validate the edit customer functionality" name="User validate edit customer role information" time="34.052">
<system-out><![CDATA[Given User navigates to customer page.......................................passed
When user select the customer and click edit button.........................passed
And user edit and save the customer roles information without selecting roles.passed
And user click the save & continue edit button..............................passed
Then user validate the edit customer role error message.....................passed
]]></system-out>
</testcase>
<testcase classname="To validate the edit customer functionality" name="User validate with duplicate user information in edit page" time="34.034">
<system-out><![CDATA[Given User navigates to customer page.......................................passed
When user select the customer and click edit button.........................passed
And user enters the duplicate password customer information.................passed
Then user validate invalid error message in edit customer...................passed
]]></system-out>
</testcase>
<testcase classname="To validate the edit customer functionality" name="User validate with invalid email" time="22.443">
<system-out><![CDATA[Given User navigates to customer page.......................................passed
When user select the customer and click edit button.........................passed
When user enters invalid email..............................................passed
Then user Validate the error message for invalid email......................passed
]]></system-out>
</testcase>
</testsuite>
